Started GET "/" for 127.0.0.1 at 2021-12-07 02:50:06 +0530
  [1m[35m (40.7ms)[0m  [1m[34mSELECT sqlite_version(*)[0m
Processing by Rails::WelcomeController#index as HTML
  Rendering C:/Ruby30-x64/lib/ruby/gems/3.0.0/gems/railties-6.1.4.1/lib/rails/templates/rails/welcome/index.html.erb
  Rendered C:/Ruby30-x64/lib/ruby/gems/3.0.0/gems/railties-6.1.4.1/lib/rails/templates/rails/welcome/index.html.erb (Duration: 102.9ms | Allocations: 618)
Completed 200 OK in 485ms (Views: 231.8ms | ActiveRecord: 0.0ms | Allocations: 4979)


Started GET "/" for 127.0.0.1 at 2021-12-07 03:02:41 +0530
  [1m[35m (15.0ms)[0m  [1m[34mSELECT sqlite_version(*)[0m
  
SyntaxError (C:/Ruby Apps/employee_details/app/controllers/application_controller.rb:4: syntax error, unexpected end-of-input, expecting `end'):
  
app/controllers/application_controller.rb:4: syntax error, unexpected end-of-input, expecting `end'
app/controllers/application_controller.rb:4: syntax error, unexpected end-of-input, expecting `end'
app/controllers/application_controller.rb:4: syntax error, unexpected end-of-input, expecting `end'
Started GET "/" for 127.0.0.1 at 2021-12-07 03:03:49 +0530
Processing by ApplicationController#hello as HTML
  Rendering html template
  Rendered html template (Duration: 0.1ms | Allocations: 50)
Completed 200 OK in 106ms (Views: 46.8ms | Allocations: 2012)


Started GET "/" for 127.0.0.1 at 2021-12-07 03:04:24 +0530
Processing by ApplicationController#hello as HTML
  Rendering html template
  Rendered html template (Duration: 0.1ms | Allocations: 46)
Completed 200 OK in 2ms (Views: 1.7ms | Allocations: 647)


Started GET "/" for 127.0.0.1 at 2021-12-07 03:06:47 +0530
  [1m[35m (10.7ms)[0m  [1m[34mSELECT sqlite_version(*)[0m
Processing by Rails::WelcomeController#index as HTML
  Rendering C:/Ruby30-x64/lib/ruby/gems/3.0.0/gems/railties-6.1.4.1/lib/rails/templates/rails/welcome/index.html.erb
  Rendered C:/Ruby30-x64/lib/ruby/gems/3.0.0/gems/railties-6.1.4.1/lib/rails/templates/rails/welcome/index.html.erb (Duration: 25.1ms | Allocations: 493)
Completed 200 OK in 138ms (Views: 59.4ms | ActiveRecord: 0.0ms | Allocations: 3640)


  [1m[35m (8.9ms)[0m  [1m[34mSELECT sqlite_version(*)[0m
  [1m[35m (19.7ms)[0m  [1m[35mCREATE TABLE "schema_migrations" ("version" varchar NOT NULL PRIMARY KEY)[0m
  [1m[35m (19.3ms)[0m  [1m[35mCREATE TABLE "ar_internal_metadata" ("key" varchar NOT NULL PRIMARY KEY, "value" varchar, "created_at" datetime(6) NOT NULL, "updated_at" datetime(6) NOT NULL)[0m
  [1m[35m (0.3ms)[0m  [1m[34mSELECT "schema_migrations"."version" FROM "schema_migrations" ORDER BY "schema_migrations"."version" ASC[0m
Migrating to CreateEmployees (20211206214435)
  [1m[35m (8.6ms)[0m  [1m[34mSELECT sqlite_version(*)[0m
  [1m[35m (0.3ms)[0m  [1m[34mSELECT "schema_migrations"."version" FROM "schema_migrations" ORDER BY "schema_migrations"."version" ASC[0m
Migrating to CreateEmployees (20211206214435)
  [1m[35m (8.5ms)[0m  [1m[34mSELECT sqlite_version(*)[0m
  [1m[35m (0.1ms)[0m  [1m[34mSELECT "schema_migrations"."version" FROM "schema_migrations" ORDER BY "schema_migrations"."version" ASC[0m
Migrating to CreateEmployees (20211206214435)
  [1m[35m (8.8ms)[0m  [1m[34mSELECT sqlite_version(*)[0m
  [1m[35m (0.2ms)[0m  [1m[34mSELECT "schema_migrations"."version" FROM "schema_migrations" ORDER BY "schema_migrations"."version" ASC[0m
Migrating to CreateEmployees (20211206214435)
  [1m[35m (8.5ms)[0m  [1m[34mSELECT sqlite_version(*)[0m
  [1m[35m (0.1ms)[0m  [1m[34mSELECT "schema_migrations"."version" FROM "schema_migrations" ORDER BY "schema_migrations"."version" ASC[0m
Migrating to CreateEmployees (20211206214435)
  [1m[36mTRANSACTION (0.1ms)[0m  [1m[36mbegin transaction[0m
  [1m[35m (4.8ms)[0m  [1m[35mCREATE TABLE "employees" ("id" integer PRIMARY KEY AUTOINCREMENT NOT NULL, "Name" varchar, "Age" integer, "Gender" varchar, "Designation" varchar, "created_at" datetime(6) NOT NULL, "updated_at" datetime(6) NOT NULL)[0m
  [1m[36mActiveRecord::SchemaMigration Create (0.8ms)[0m  [1m[32mINSERT INTO "schema_migrations" ("version") VALUES (?)[0m  [["version", "20211206214435"]]
  [1m[36mTRANSACTION (22.6ms)[0m  [1m[36mcommit transaction[0m
  [1m[36mActiveRecord::InternalMetadata Load (0.2ms)[0m  [1m[34mSELECT "ar_internal_metadata".* FROM "ar_internal_metadata" WHERE "ar_internal_metadata"."key" = ? LIMIT ?[0m  [["key", "environment"], ["LIMIT", 1]]
  [1m[36mTRANSACTION (0.1ms)[0m  [1m[36mbegin transaction[0m
  [1m[36mActiveRecord::InternalMetadata Create (3.6ms)[0m  [1m[32mINSERT INTO "ar_internal_metadata" ("key", "value", "created_at", "updated_at") VALUES (?, ?, ?, ?)[0m  [["key", "environment"], ["value", "development"], ["created_at", "2021-12-06 22:00:30.698135"], ["updated_at", "2021-12-06 22:00:30.698135"]]
  [1m[36mTRANSACTION (22.0ms)[0m  [1m[36mcommit transaction[0m
  [1m[35m (0.0ms)[0m  [1m[34mSELECT sqlite_version(*)[0m
  [1m[35m (0.1ms)[0m  [1m[34mSELECT "schema_migrations"."version" FROM "schema_migrations" ORDER BY "schema_migrations"."version" ASC[0m
Started GET "/" for ::1 at 2021-12-07 03:34:12 +0530
  [1m[35m (14.3ms)[0m  [1m[34mSELECT sqlite_version(*)[0m
  [1m[35m (0.3ms)[0m  [1m[34mSELECT "schema_migrations"."version" FROM "schema_migrations" ORDER BY "schema_migrations"."version" ASC[0m
Processing by Rails::WelcomeController#index as HTML
  Rendering C:/Ruby30-x64/lib/ruby/gems/3.0.0/gems/railties-6.1.4.1/lib/rails/templates/rails/welcome/index.html.erb
  Rendered C:/Ruby30-x64/lib/ruby/gems/3.0.0/gems/railties-6.1.4.1/lib/rails/templates/rails/welcome/index.html.erb (Duration: 25.0ms | Allocations: 493)
Completed 200 OK in 167ms (Views: 68.7ms | ActiveRecord: 0.0ms | Allocations: 3656)


Started GET "/employees" for ::1 at 2021-12-07 03:34:25 +0530
  
SyntaxError (C:/Ruby Apps/employee_details/app/controllers/employees_controller.rb:67: syntax error, unexpected ',', expecting literal content or terminator or tSTRING_DBEG or tSTRING_DVAR
...(:Name, :Age, :Gender, :M/F, :, :1, :Designation)
...                              ^
):
  
app/controllers/employees_controller.rb:67: syntax error, unexpected ',', expecting literal content or terminator or tSTRING_DBEG or tSTRING_DVAR
app/controllers/employees_controller.rb:67: syntax error, unexpected ',', expecting literal content or terminator or tSTRING_DBEG or tSTRING_DVAR
app/controllers/employees_controller.rb:67: syntax error, unexpected ',', expecting literal content or terminator or tSTRING_DBEG or tSTRING_DVAR
Started GET "/employees" for ::1 at 2021-12-07 03:36:30 +0530
Processing by EmployeesController#index as HTML
  Rendering layout layouts/application.html.erb
  Rendering employees/index.html.erb within layouts/application
  Rendered employees/index.html.erb within layouts/application (Duration: 7.2ms | Allocations: 1340)
  Rendered layout layouts/application.html.erb (Duration: 7.8ms | Allocations: 1414)
Completed 500 Internal Server Error in 98ms (Allocations: 3530)


  
ActionView::SyntaxErrorInTemplate (Encountered a syntax error while rendering template: check <p id="notice"><%= notice %></p>

<h1>Employees</h1>

<table>
  <thead>
    <tr>
      <th>Name</th>
      <th>Age</th>
      <th>Gender</th>
      <th>M/f</th>
      <th></th>
      <th>1</th>
      <th>Designation</th>
      <th colspan="3"></th>
    </tr>
  </thead>

  <tbody>
    <% @employees.each do |employee| %>
      <tr>
        <td><%= employee.Name %></td>
        <td><%= employee.Age %></td>
        <td><%= employee.Gender %></td>
        <td><%= employee.M/F %></td>
        <td><%= employee. %></td>
        <td><%= employee.1 %></td>
        <td><%= employee.Designation %></td>
        <td><%= link_to 'Show', employee %></td>
        <td><%= link_to 'Edit', edit_employee_path(employee) %></td>
        <td><%= link_to 'Destroy', employee, method: :delete, data: { confirm: 'Are you sure?' } %></td>
      </tr>
    <% end %>
  </tbody>
</table>

<br>

<%= link_to 'New Employee', new_employee_path %>

):
1:    <p id="notice"><%= notice %></p>
2:    
3:    <h1>Employees</h1>
4:    
5:    <table>
6:      <thead>
7:        <tr>
8:          <th>Name</th>
9:          <th>Age</th>
10:          <th>Gender</th>
11:          <th>M/f</th>
12:          <th></th>
13:          <th>1</th>
14:          <th>Designation</th>
15:          <th colspan="3"></th>
16:        </tr>
17:      </thead>
18:    
19:      <tbody>
20:        <% @employees.each do |employee| %>
21:          <tr>
22:            <td><%= employee.Name %></td>
23:            <td><%= employee.Age %></td>
24:            <td><%= employee.Gender %></td>
25:            <td><%= employee.M/F %></td>
26:            <td><%= employee. %></td>
27:            <td><%= employee.1 %></td>
28:            <td><%= employee.Designation %></td>
29:            <td><%= link_to 'Show', employee %></td>
30:            <td><%= link_to 'Edit', edit_employee_path(employee) %></td>
31:            <td><%= link_to 'Destroy', employee, method: :delete, data: { confirm: 'Are you sure?' } %></td>
32:          </tr>
33:        <% end %>
34:      </tbody>
35:    </table>
36:    
37:    <br>
38:    
39:    <%= link_to 'New Employee', new_employee_path %>
  
app/views/employees/index.html.erb:26: syntax error, unexpected ')'
app/views/employees/index.html.erb:27: no .<digit> floating literal anymore; put 0 before dot
app/views/employees/index.html.erb:33: syntax error, unexpected `end', expecting ')'
app/views/employees/index.html.erb:42: syntax error, unexpected `end', expecting ')'
app/views/employees/index.html.erb:26: syntax error, unexpected ')'
app/views/employees/index.html.erb:27: no .<digit> floating literal anymore; put 0 before dot
app/views/employees/index.html.erb:33: syntax error, unexpected `end', expecting ')'
app/views/employees/index.html.erb:42: syntax error, unexpected `end', expecting ')'
app/views/employees/index.html.erb:26: syntax error, unexpected ')'
app/views/employees/index.html.erb:27: no .<digit> floating literal anymore; put 0 before dot
app/views/employees/index.html.erb:33: syntax error, unexpected `end', expecting ')'
app/views/employees/index.html.erb:42: syntax error, unexpected `end', expecting ')'
app/views/employees/index.html.erb:26: syntax error, unexpected ')'
app/views/employees/index.html.erb:27: no .<digit> floating literal anymore; put 0 before dot
app/views/employees/index.html.erb:33: syntax error, unexpected `end', expecting ')'
app/views/employees/index.html.erb:42: syntax error, unexpected `end', expecting ')'
app/views/employees/index.html.erb:26: syntax error, unexpected ')'
app/views/employees/index.html.erb:27: no .<digit> floating literal anymore; put 0 before dot
app/views/employees/index.html.erb:33: syntax error, unexpected `end', expecting ')'
app/views/employees/index.html.erb:42: syntax error, unexpected `end', expecting ')'
app/views/employees/index.html.erb:26: syntax error, unexpected ')'
app/views/employees/index.html.erb:27: no .<digit> floating literal anymore; put 0 before dot
app/views/employees/index.html.erb:33: syntax error, unexpected `end', expecting ')'
app/views/employees/index.html.erb:42: syntax error, unexpected `end', expecting ')'
Started GET "/employees" for ::1 at 2021-12-07 03:42:17 +0530
Processing by EmployeesController#index as HTML
  Rendering layout layouts/application.html.erb
  Rendering employees/index.html.erb within layouts/application
  [1m[35m (0.1ms)[0m  [1m[34mSELECT sqlite_version(*)[0m
  ↳ app/views/employees/index.html.erb:17
  [1m[36mEmployee Load (0.1ms)[0m  [1m[34mSELECT "employees".* FROM "employees"[0m
  ↳ app/views/employees/index.html.erb:17
  Rendered employees/index.html.erb within layouts/application (Duration: 16.3ms | Allocations: 2101)
[Webpacker] Compiling...
[Webpacker] Compiled all packs in C:/Ruby Apps/employee_details/public/packs
[Webpacker] Hash: e2a8a876c5815bee1e21
Version: webpack 4.46.0
Time: 1907ms
Built at: 07/12/2021 3:42:27 am
                                     Asset       Size       Chunks                         Chunk Names
    js/application-e421b4aa3f716bebdab1.js    125 KiB  application  [emitted] [immutable]  application
js/application-e421b4aa3f716bebdab1.js.map    139 KiB  application  [emitted] [dev]        application
                             manifest.json  364 bytes               [emitted]              
Entrypoint application = js/application-e421b4aa3f716bebdab1.js js/application-e421b4aa3f716bebdab1.js.map
[./app/javascript/channels sync recursive _channel\.js$] ./app/javascript/channels sync _channel\.js$ 160 bytes {application} [built]
[./app/javascript/channels/index.js] 211 bytes {application} [built]
[./app/javascript/packs/application.js] 492 bytes {application} [built]
[./node_modules/webpack/buildin/module.js] (webpack)/buildin/module.js 552 bytes {application} [built]
    + 3 hidden modules

  Rendered layout layouts/application.html.erb (Duration: 9906.2ms | Allocations: 22587)
Completed 200 OK in 9913ms (Views: 9910.7ms | ActiveRecord: 0.5ms | Allocations: 23932)


Started GET "/employees/new" for ::1 at 2021-12-07 03:42:41 +0530
Processing by EmployeesController#new as HTML
  Rendering layout layouts/application.html.erb
  Rendering employees/new.html.erb within layouts/application
  Rendered employees/_form.html.erb (Duration: 5.9ms | Allocations: 1592)
  Rendered employees/new.html.erb within layouts/application (Duration: 12.6ms | Allocations: 2044)
  Rendered layout layouts/application.html.erb (Duration: 13.1ms | Allocations: 2112)
Completed 500 Internal Server Error in 22ms (ActiveRecord: 0.7ms | Allocations: 6984)


  
ActionView::SyntaxErrorInTemplate (Encountered a syntax error while rendering template: check <%= form_with(model: employee) do |form| %>
  <% if employee.errors.any? %>
    <div id="error_explanation">
      <h2><%= pluralize(employee.errors.count, "error") %> prohibited this employee from being saved:</h2>

      <ul>
        <% employee.errors.each do |error| %>
          <li><%= error.full_message %></li>
        <% end %>
      </ul>
    </div>
  <% end %>

  <div class="field">
    <%= form.label :Name %>
    <%= form.text_field :Name %>
  </div>

  <div class="field">
    <%= form.label :Age %>
    <%= form.number_field :Age %>
  </div>

  <div class="field">
    <%= form.label :Gender %>
    <%= form.text_field :Gender %>
  </div>

  <div class="field">
    <%= form.label :M/F %>
    <%= form.text_field :M/F %>
  </div>

  <div class="field">
    <%= form.label : %>
    <%= form.text_field : %>
  </div>

  <div class="field">
    <%= form.label :1 %>
    <%= form.text_field :1 %>
  </div>

  <div class="field">
    <%= form.label :Designation %>
    <%= form.text_field :Designation %>
  </div>

  <div class="actions">
    <%= form.submit %>
  </div>
<% end %>

):
1:    <%= form_with(model: employee) do |form| %>
2:      <% if employee.errors.any? %>
3:        <div id="error_explanation">
4:          <h2><%= pluralize(employee.errors.count, "error") %> prohibited this employee from being saved:</h2>
5:    
6:          <ul>
7:            <% employee.errors.each do |error| %>
8:              <li><%= error.full_message %></li>
9:            <% end %>
10:          </ul>
11:        </div>
12:      <% end %>
13:    
14:      <div class="field">
15:        <%= form.label :Name %>
16:        <%= form.text_field :Name %>
17:      </div>
18:    
19:      <div class="field">
20:        <%= form.label :Age %>
21:        <%= form.number_field :Age %>
22:      </div>
23:    
24:      <div class="field">
25:        <%= form.label :Gender %>
26:        <%= form.text_field :Gender %>
27:      </div>
28:    
29:      <div class="field">
30:        <%= form.label :M/F %>
31:        <%= form.text_field :M/F %>
32:      </div>
33:    
34:      <div class="field">
35:        <%= form.label : %>
36:        <%= form.text_field : %>
37:      </div>
38:    
39:      <div class="field">
40:        <%= form.label :1 %>
41:        <%= form.text_field :1 %>
42:      </div>
43:    
44:      <div class="field">
45:        <%= form.label :Designation %>
46:        <%= form.text_field :Designation %>
47:      </div>
48:    
49:      <div class="actions">
50:        <%= form.submit %>
51:      </div>
52:    <% end %>
  
app/views/employees/_form.html.erb:35: syntax error, unexpected ':'
app/views/employees/_form.html.erb:36: syntax error, unexpected ':'
app/views/employees/_form.html.erb:40: syntax error, unexpected integer literal, expecting literal content or terminator or tSTRING_DBEG or tSTRING_DVAR
app/views/employees/_form.html.erb:41: syntax error, unexpected integer literal, expecting literal content or terminator or tSTRING_DBEG or tSTRING_DVAR
app/views/employees/_form.html.erb:52: syntax error, unexpected `end', expecting ')'
app/views/employees/_form.html.erb:54: syntax error, unexpected `end', expecting ')'
app/views/employees/_form.html.erb:35: syntax error, unexpected ':'
app/views/employees/_form.html.erb:36: syntax error, unexpected ':'
app/views/employees/_form.html.erb:40: syntax error, unexpected integer literal, expecting literal content or terminator or tSTRING_DBEG or tSTRING_DVAR
app/views/employees/_form.html.erb:41: syntax error, unexpected integer literal, expecting literal content or terminator or tSTRING_DBEG or tSTRING_DVAR
app/views/employees/_form.html.erb:52: syntax error, unexpected `end', expecting ')'
app/views/employees/_form.html.erb:54: syntax error, unexpected `end', expecting ')'
app/views/employees/_form.html.erb:35: syntax error, unexpected ':'
app/views/employees/_form.html.erb:36: syntax error, unexpected ':'
app/views/employees/_form.html.erb:40: syntax error, unexpected integer literal, expecting literal content or terminator or tSTRING_DBEG or tSTRING_DVAR
app/views/employees/_form.html.erb:41: syntax error, unexpected integer literal, expecting literal content or terminator or tSTRING_DBEG or tSTRING_DVAR
app/views/employees/_form.html.erb:52: syntax error, unexpected `end', expecting ')'
app/views/employees/_form.html.erb:54: syntax error, unexpected `end', expecting ')'
app/views/employees/_form.html.erb:35: syntax error, unexpected ':'
app/views/employees/_form.html.erb:36: syntax error, unexpected ':'
app/views/employees/_form.html.erb:40: syntax error, unexpected integer literal, expecting literal content or terminator or tSTRING_DBEG or tSTRING_DVAR
app/views/employees/_form.html.erb:41: syntax error, unexpected integer literal, expecting literal content or terminator or tSTRING_DBEG or tSTRING_DVAR
app/views/employees/_form.html.erb:52: syntax error, unexpected `end', expecting ')'
app/views/employees/_form.html.erb:54: syntax error, unexpected `end', expecting ')'
app/views/employees/_form.html.erb:35: syntax error, unexpected ':'
app/views/employees/_form.html.erb:36: syntax error, unexpected ':'
app/views/employees/_form.html.erb:40: syntax error, unexpected integer literal, expecting literal content or terminator or tSTRING_DBEG or tSTRING_DVAR
app/views/employees/_form.html.erb:41: syntax error, unexpected integer literal, expecting literal content or terminator or tSTRING_DBEG or tSTRING_DVAR
app/views/employees/_form.html.erb:52: syntax error, unexpected `end', expecting ')'
app/views/employees/_form.html.erb:54: syntax error, unexpected `end', expecting ')'
app/views/employees/_form.html.erb:35: syntax error, unexpected ':'
app/views/employees/_form.html.erb:36: syntax error, unexpected ':'
app/views/employees/_form.html.erb:40: syntax error, unexpected integer literal, expecting literal content or terminator or tSTRING_DBEG or tSTRING_DVAR
app/views/employees/_form.html.erb:41: syntax error, unexpected integer literal, expecting literal content or terminator or tSTRING_DBEG or tSTRING_DVAR
app/views/employees/_form.html.erb:52: syntax error, unexpected `end', expecting ')'
app/views/employees/_form.html.erb:54: syntax error, unexpected `end', expecting ')'
app/views/employees/new.html.erb:3
Started GET "/employees/new" for ::1 at 2021-12-07 03:43:52 +0530
Processing by EmployeesController#new as HTML
  Rendering layout layouts/application.html.erb
  Rendering employees/new.html.erb within layouts/application
  Rendered employees/_form.html.erb (Duration: 526.0ms | Allocations: 9423)
  Rendered employees/new.html.erb within layouts/application (Duration: 530.9ms | Allocations: 9819)
[Webpacker] Everything's up-to-date. Nothing to do
  Rendered layout layouts/application.html.erb (Duration: 635.3ms | Allocations: 13748)
Completed 200 OK in 646ms (Views: 641.5ms | ActiveRecord: 0.0ms | Allocations: 15107)


Started POST "/employees" for ::1 at 2021-12-07 03:44:20 +0530
Processing by EmployeesController#create as HTML
  Parameters: {"authenticity_token"=>"[FILTERED]", "employee"=>{"Name"=>"Nithiyashree", "Age"=>"23", "Gender"=>"F", "Designation"=>"Trainee"}, "commit"=>"Create Employee"}
  [1m[36mTRANSACTION (0.1ms)[0m  [1m[36mbegin transaction[0m
  ↳ app/controllers/employees_controller.rb:27:in `block in create'
  [1m[36mEmployee Create (7.2ms)[0m  [1m[32mINSERT INTO "employees" ("Name", "Age", "Gender", "Designation", "created_at", "updated_at") VALUES (?, ?, ?, ?, ?, ?)[0m  [["Name", "Nithiyashree"], ["Age", 23], ["Gender", "F"], ["Designation", "Trainee"], ["created_at", "2021-12-06 22:14:20.915756"], ["updated_at", "2021-12-06 22:14:20.915756"]]
  ↳ app/controllers/employees_controller.rb:27:in `block in create'
  [1m[36mTRANSACTION (15.3ms)[0m  [1m[36mcommit transaction[0m
  ↳ app/controllers/employees_controller.rb:27:in `block in create'
Redirected to http://localhost:3000/employees/1
Completed 302 Found in 34ms (ActiveRecord: 22.5ms | Allocations: 3590)


Started GET "/employees/1" for ::1 at 2021-12-07 03:44:20 +0530
Processing by EmployeesController#show as HTML
  Parameters: {"id"=>"1"}
  [1m[36mEmployee Load (0.2ms)[0m  [1m[34mSELECT "employees".* FROM "employees" WHERE "employees"."id" = ? LIMIT ?[0m  [["id", 1], ["LIMIT", 1]]
  ↳ app/controllers/employees_controller.rb:62:in `set_employee'
  Rendering layout layouts/application.html.erb
  Rendering employees/show.html.erb within layouts/application
  Rendered employees/show.html.erb within layouts/application (Duration: 4.5ms | Allocations: 396)
[Webpacker] Everything's up-to-date. Nothing to do
  Rendered layout layouts/application.html.erb (Duration: 101.0ms | Allocations: 4177)
Completed 200 OK in 129ms (Views: 102.4ms | ActiveRecord: 0.2ms | Allocations: 6225)


Started GET "/employees" for ::1 at 2021-12-07 03:44:25 +0530
Processing by EmployeesController#index as HTML
  Rendering layout layouts/application.html.erb
  Rendering employees/index.html.erb within layouts/application
  [1m[36mEmployee Load (0.1ms)[0m  [1m[34mSELECT "employees".* FROM "employees"[0m
  ↳ app/views/employees/index.html.erb:17
  Rendered employees/index.html.erb within layouts/application (Duration: 6.3ms | Allocations: 1203)
[Webpacker] Everything's up-to-date. Nothing to do
  Rendered layout layouts/application.html.erb (Duration: 94.3ms | Allocations: 4832)
Completed 200 OK in 97ms (Views: 95.0ms | ActiveRecord: 0.1ms | Allocations: 5479)


Started GET "/employees/1/edit" for ::1 at 2021-12-07 03:44:32 +0530
Processing by EmployeesController#edit as HTML
  Parameters: {"id"=>"1"}
  [1m[36mEmployee Load (0.2ms)[0m  [1m[34mSELECT "employees".* FROM "employees" WHERE "employees"."id" = ? LIMIT ?[0m  [["id", 1], ["LIMIT", 1]]
  ↳ app/controllers/employees_controller.rb:62:in `set_employee'
  Rendering layout layouts/application.html.erb
  Rendering employees/edit.html.erb within layouts/application
  Rendered employees/_form.html.erb (Duration: 4.6ms | Allocations: 1164)
  Rendered employees/edit.html.erb within layouts/application (Duration: 10.1ms | Allocations: 1430)
[Webpacker] Everything's up-to-date. Nothing to do
  Rendered layout layouts/application.html.erb (Duration: 102.4ms | Allocations: 5044)
Completed 200 OK in 108ms (Views: 103.4ms | ActiveRecord: 0.2ms | Allocations: 6199)


Started PATCH "/employees/1" for ::1 at 2021-12-07 03:44:42 +0530
Processing by EmployeesController#update as HTML
  Parameters: {"authenticity_token"=>"[FILTERED]", "employee"=>{"Name"=>"Nithiyashree", "Age"=>"23", "Gender"=>"Female", "Designation"=>"Trainee"}, "commit"=>"Update Employee", "id"=>"1"}
  [1m[36mEmployee Load (0.3ms)[0m  [1m[34mSELECT "employees".* FROM "employees" WHERE "employees"."id" = ? LIMIT ?[0m  [["id", 1], ["LIMIT", 1]]
  ↳ app/controllers/employees_controller.rb:62:in `set_employee'
  [1m[36mTRANSACTION (0.1ms)[0m  [1m[36mbegin transaction[0m
  ↳ app/controllers/employees_controller.rb:40:in `block in update'
  [1m[36mEmployee Update (3.5ms)[0m  [1m[33mUPDATE "employees" SET "Gender" = ?, "updated_at" = ? WHERE "employees"."id" = ?[0m  [["Gender", "Female"], ["updated_at", "2021-12-06 22:14:42.857306"], ["id", 1]]
  ↳ app/controllers/employees_controller.rb:40:in `block in update'
  [1m[36mTRANSACTION (15.4ms)[0m  [1m[36mcommit transaction[0m
  ↳ app/controllers/employees_controller.rb:40:in `block in update'
Redirected to http://localhost:3000/employees/1
Completed 302 Found in 36ms (ActiveRecord: 19.3ms | Allocations: 3442)


Started GET "/employees/1" for ::1 at 2021-12-07 03:44:42 +0530
Processing by EmployeesController#show as HTML
  Parameters: {"id"=>"1"}
  [1m[36mEmployee Load (0.4ms)[0m  [1m[34mSELECT "employees".* FROM "employees" WHERE "employees"."id" = ? LIMIT ?[0m  [["id", 1], ["LIMIT", 1]]
  ↳ app/controllers/employees_controller.rb:62:in `set_employee'
  Rendering layout layouts/application.html.erb
  Rendering employees/show.html.erb within layouts/application
  Rendered employees/show.html.erb within layouts/application (Duration: 0.2ms | Allocations: 113)
[Webpacker] Everything's up-to-date. Nothing to do
  Rendered layout layouts/application.html.erb (Duration: 96.5ms | Allocations: 3745)
Completed 200 OK in 101ms (Views: 97.4ms | ActiveRecord: 0.4ms | Allocations: 4775)


Started GET "/employees/1/edit" for ::1 at 2021-12-07 03:44:47 +0530
Processing by EmployeesController#edit as HTML
  Parameters: {"id"=>"1"}
  [1m[36mEmployee Load (0.1ms)[0m  [1m[34mSELECT "employees".* FROM "employees" WHERE "employees"."id" = ? LIMIT ?[0m  [["id", 1], ["LIMIT", 1]]
  ↳ app/controllers/employees_controller.rb:62:in `set_employee'
  Rendering layout layouts/application.html.erb
  Rendering employees/edit.html.erb within layouts/application
  Rendered employees/_form.html.erb (Duration: 2.4ms | Allocations: 1066)
  Rendered employees/edit.html.erb within layouts/application (Duration: 3.0ms | Allocations: 1204)
[Webpacker] Everything's up-to-date. Nothing to do
  Rendered layout layouts/application.html.erb (Duration: 89.7ms | Allocations: 4899)
Completed 200 OK in 93ms (Views: 90.4ms | ActiveRecord: 0.1ms | Allocations: 5960)


Started GET "/employees" for ::1 at 2021-12-07 03:44:49 +0530
Processing by EmployeesController#index as HTML
  Rendering layout layouts/application.html.erb
  Rendering employees/index.html.erb within layouts/application
  [1m[36mEmployee Load (0.1ms)[0m  [1m[34mSELECT "employees".* FROM "employees"[0m
  ↳ app/views/employees/index.html.erb:17
  Rendered employees/index.html.erb within layouts/application (Duration: 2.2ms | Allocations: 823)
[Webpacker] Everything's up-to-date. Nothing to do
  Rendered layout layouts/application.html.erb (Duration: 116.2ms | Allocations: 4448)
Completed 200 OK in 118ms (Views: 117.3ms | ActiveRecord: 0.1ms | Allocations: 4933)


Started GET "/employees/1" for ::1 at 2021-12-07 03:45:07 +0530
Processing by EmployeesController#show as HTML
  Parameters: {"id"=>"1"}
  [1m[36mEmployee Load (0.5ms)[0m  [1m[34mSELECT "employees".* FROM "employees" WHERE "employees"."id" = ? LIMIT ?[0m  [["id", 1], ["LIMIT", 1]]
  ↳ app/controllers/employees_controller.rb:62:in `set_employee'
  Rendering layout layouts/application.html.erb
  Rendering employees/show.html.erb within layouts/application
  Rendered employees/show.html.erb within layouts/application (Duration: 0.8ms | Allocations: 111)
[Webpacker] Everything's up-to-date. Nothing to do
  Rendered layout layouts/application.html.erb (Duration: 142.5ms | Allocations: 3736)
Completed 200 OK in 150ms (Views: 144.1ms | ActiveRecord: 0.5ms | Allocations: 4757)


Started GET "/employees" for ::1 at 2021-12-07 03:45:14 +0530
Processing by EmployeesController#index as HTML
  Rendering layout layouts/application.html.erb
  Rendering employees/index.html.erb within layouts/application
  [1m[36mEmployee Load (0.1ms)[0m  [1m[34mSELECT "employees".* FROM "employees"[0m
  ↳ app/views/employees/index.html.erb:17
  Rendered employees/index.html.erb within layouts/application (Duration: 2.0ms | Allocations: 823)
[Webpacker] Everything's up-to-date. Nothing to do
  Rendered layout layouts/application.html.erb (Duration: 102.6ms | Allocations: 4545)
Completed 200 OK in 109ms (Views: 103.6ms | ActiveRecord: 0.1ms | Allocations: 5030)


Started GET "/employees/new" for ::1 at 2021-12-07 03:45:15 +0530
Processing by EmployeesController#new as HTML
  Rendering layout layouts/application.html.erb
  Rendering employees/new.html.erb within layouts/application
  Rendered employees/_form.html.erb (Duration: 1.6ms | Allocations: 1026)
  Rendered employees/new.html.erb within layouts/application (Duration: 2.0ms | Allocations: 1137)
[Webpacker] Everything's up-to-date. Nothing to do
  Rendered layout layouts/application.html.erb (Duration: 82.6ms | Allocations: 4755)
Completed 200 OK in 84ms (Views: 83.6ms | ActiveRecord: 0.0ms | Allocations: 5248)


Started POST "/employees" for ::1 at 2021-12-07 03:46:05 +0530
Processing by EmployeesController#create as HTML
  Parameters: {"authenticity_token"=>"[FILTERED]", "employee"=>{"Name"=>"Vignesh", "Age"=>"28", "Gender"=>"Male", "Designation"=>"Technology Analyst"}, "commit"=>"Create Employee"}
  [1m[36mTRANSACTION (0.1ms)[0m  [1m[36mbegin transaction[0m
  ↳ app/controllers/employees_controller.rb:27:in `block in create'
  [1m[36mEmployee Create (4.7ms)[0m  [1m[32mINSERT INTO "employees" ("Name", "Age", "Gender", "Designation", "created_at", "updated_at") VALUES (?, ?, ?, ?, ?, ?)[0m  [["Name", "Vignesh"], ["Age", 28], ["Gender", "Male"], ["Designation", "Technology Analyst"], ["created_at", "2021-12-06 22:16:05.926135"], ["updated_at", "2021-12-06 22:16:05.926135"]]
  ↳ app/controllers/employees_controller.rb:27:in `block in create'
  [1m[36mTRANSACTION (18.3ms)[0m  [1m[36mcommit transaction[0m
  ↳ app/controllers/employees_controller.rb:27:in `block in create'
Redirected to http://localhost:3000/employees/2
Completed 302 Found in 34ms (ActiveRecord: 23.1ms | Allocations: 2567)


Started GET "/employees/2" for ::1 at 2021-12-07 03:46:06 +0530
Processing by EmployeesController#show as HTML
  Parameters: {"id"=>"2"}
  [1m[36mEmployee Load (0.5ms)[0m  [1m[34mSELECT "employees".* FROM "employees" WHERE "employees"."id" = ? LIMIT ?[0m  [["id", 2], ["LIMIT", 1]]
  ↳ app/controllers/employees_controller.rb:62:in `set_employee'
  Rendering layout layouts/application.html.erb
  Rendering employees/show.html.erb within layouts/application
  Rendered employees/show.html.erb within layouts/application (Duration: 0.4ms | Allocations: 113)
[Webpacker] Everything's up-to-date. Nothing to do
  Rendered layout layouts/application.html.erb (Duration: 96.5ms | Allocations: 3744)
Completed 200 OK in 102ms (Views: 97.3ms | ActiveRecord: 0.5ms | Allocations: 4775)


Started GET "/employees" for ::1 at 2021-12-07 03:46:15 +0530
Processing by EmployeesController#index as HTML
  Rendering layout layouts/application.html.erb
  Rendering employees/index.html.erb within layouts/application
  [1m[36mEmployee Load (0.2ms)[0m  [1m[34mSELECT "employees".* FROM "employees"[0m
  ↳ app/views/employees/index.html.erb:17
  Rendered employees/index.html.erb within layouts/application (Duration: 3.0ms | Allocations: 934)
[Webpacker] Everything's up-to-date. Nothing to do
  Rendered layout layouts/application.html.erb (Duration: 88.1ms | Allocations: 4637)
Completed 200 OK in 90ms (Views: 89.1ms | ActiveRecord: 0.2ms | Allocations: 5123)


Started GET "/employees/2/edit" for ::1 at 2021-12-07 03:46:43 +0530
Processing by EmployeesController#edit as HTML
  Parameters: {"id"=>"2"}
  [1m[36mEmployee Load (0.2ms)[0m  [1m[34mSELECT "employees".* FROM "employees" WHERE "employees"."id" = ? LIMIT ?[0m  [["id", 2], ["LIMIT", 1]]
  ↳ app/controllers/employees_controller.rb:62:in `set_employee'
  Rendering layout layouts/application.html.erb
  Rendering employees/edit.html.erb within layouts/application
  Rendered employees/_form.html.erb (Duration: 1.9ms | Allocations: 1066)
  Rendered employees/edit.html.erb within layouts/application (Duration: 2.6ms | Allocations: 1204)
[Webpacker] Everything's up-to-date. Nothing to do
  Rendered layout layouts/application.html.erb (Duration: 129.0ms | Allocations: 4817)
Completed 200 OK in 135ms (Views: 130.2ms | ActiveRecord: 0.2ms | Allocations: 5838)


Started PATCH "/employees/2" for ::1 at 2021-12-07 03:46:52 +0530
Processing by EmployeesController#update as HTML
  Parameters: {"authenticity_token"=>"[FILTERED]", "employee"=>{"Name"=>"Vignesh", "Age"=>"27", "Gender"=>"Male", "Designation"=>"Technology Analyst"}, "commit"=>"Update Employee", "id"=>"2"}
  [1m[36mEmployee Load (0.8ms)[0m  [1m[34mSELECT "employees".* FROM "employees" WHERE "employees"."id" = ? LIMIT ?[0m  [["id", 2], ["LIMIT", 1]]
  ↳ app/controllers/employees_controller.rb:62:in `set_employee'
  [1m[36mTRANSACTION (0.0ms)[0m  [1m[36mbegin transaction[0m
  ↳ app/controllers/employees_controller.rb:40:in `block in update'
  [1m[36mEmployee Update (4.5ms)[0m  [1m[33mUPDATE "employees" SET "Age" = ?, "updated_at" = ? WHERE "employees"."id" = ?[0m  [["Age", 27], ["updated_at", "2021-12-06 22:16:52.908019"], ["id", 2]]
  ↳ app/controllers/employees_controller.rb:40:in `block in update'
  [1m[36mTRANSACTION (18.6ms)[0m  [1m[36mcommit transaction[0m
  ↳ app/controllers/employees_controller.rb:40:in `block in update'
Redirected to http://localhost:3000/employees/2
Completed 302 Found in 35ms (ActiveRecord: 24.0ms | Allocations: 3131)


Started GET "/employees/2" for ::1 at 2021-12-07 03:46:52 +0530
Processing by EmployeesController#show as HTML
  Parameters: {"id"=>"2"}
  [1m[36mEmployee Load (0.4ms)[0m  [1m[34mSELECT "employees".* FROM "employees" WHERE "employees"."id" = ? LIMIT ?[0m  [["id", 2], ["LIMIT", 1]]
  ↳ app/controllers/employees_controller.rb:62:in `set_employee'
  Rendering layout layouts/application.html.erb
  Rendering employees/show.html.erb within layouts/application
  Rendered employees/show.html.erb within layouts/application (Duration: 0.2ms | Allocations: 113)
[Webpacker] Everything's up-to-date. Nothing to do
  Rendered layout layouts/application.html.erb (Duration: 75.5ms | Allocations: 3738)
Completed 200 OK in 79ms (Views: 76.2ms | ActiveRecord: 0.4ms | Allocations: 4767)


Started GET "/employees" for ::1 at 2021-12-07 03:46:56 +0530
Processing by EmployeesController#index as HTML
  Rendering layout layouts/application.html.erb
  Rendering employees/index.html.erb within layouts/application
  [1m[36mEmployee Load (0.1ms)[0m  [1m[34mSELECT "employees".* FROM "employees"[0m
  ↳ app/views/employees/index.html.erb:17
  Rendered employees/index.html.erb within layouts/application (Duration: 3.8ms | Allocations: 933)
[Webpacker] Everything's up-to-date. Nothing to do
  Rendered layout layouts/application.html.erb (Duration: 88.0ms | Allocations: 4558)
Completed 200 OK in 89ms (Views: 88.7ms | ActiveRecord: 0.1ms | Allocations: 5043)


